# Logfile created on 2014-01-24 10:56:12 -0500 by logger.rb/36483
I, [2014-01-24T10:56:12.373224 #2736]  INFO -- : 0:  chunky_png (1.2.9) from /Library/Ruby/Gems/2.0.0/specifications/chunky_png-1.2.9.gemspec
I, [2014-01-24T10:56:12.393968 #2736]  INFO -- : 0:  json (1.8.1) from /Library/Ruby/Gems/2.0.0/specifications/json-1.8.1.gemspec
I, [2014-01-24T10:56:12.394496 #2736]  INFO -- : 0:  rb-fsevent (0.9.4) from /Library/Ruby/Gems/2.0.0/specifications/rb-fsevent-0.9.4.gemspec
I, [2014-01-24T10:56:12.394788 #2736]  INFO -- : 0:  ffi (1.9.3) from /Library/Ruby/Gems/2.0.0/specifications/ffi-1.9.3.gemspec
I, [2014-01-24T10:56:12.395124 #2736]  INFO -- : 0:  rb-inotify (0.9.3) from /Library/Ruby/Gems/2.0.0/specifications/rb-inotify-0.9.3.gemspec
I, [2014-01-24T10:56:12.395394 #2736]  INFO -- : 0:  rb-kqueue (0.2.0) from /Library/Ruby/Gems/2.0.0/specifications/rb-kqueue-0.2.0.gemspec
I, [2014-01-24T10:56:12.395662 #2736]  INFO -- : 0:  listen (1.1.6) from /Library/Ruby/Gems/2.0.0/specifications/listen-1.1.6.gemspec
I, [2014-01-24T10:56:12.395921 #2736]  INFO -- : 0:  sass (3.3.0.rc.2) from /Library/Ruby/Gems/2.0.0/specifications/sass-3.3.0.rc.2.gemspec
I, [2014-01-24T10:56:12.396170 #2736]  INFO -- : 0:  compass (0.13.alpha.12) from /Library/Ruby/Gems/2.0.0/specifications/compass-0.13.alpha.12.gemspec
I, [2014-01-24T10:56:12.396428 #2736]  INFO -- : 0:  breakpoint (2.2.0) from /Library/Ruby/Gems/2.0.0/specifications/breakpoint-2.2.0.gemspec
I, [2014-01-24T10:56:12.396688 #2736]  INFO -- : 0:  compass-blend-modes (0.0.2) from /Library/Ruby/Gems/2.0.0/specifications/compass-blend-modes-0.0.2.gemspec
I, [2014-01-24T10:56:12.396948 #2736]  INFO -- : 0:  color-schemer (0.2.8) from /Library/Ruby/Gems/2.0.0/specifications/color-schemer-0.2.8.gemspec
I, [2014-01-24T10:56:12.397205 #2736]  INFO -- : 0:  sassy-math (1.5) from /Library/Ruby/Gems/2.0.0/specifications/sassy-math-1.5.gemspec
I, [2014-01-24T10:56:12.397460 #2736]  INFO -- : 0:  modular-scale (1.0.6) from /Library/Ruby/Gems/2.0.0/specifications/modular-scale-1.0.6.gemspec
I, [2014-01-24T10:56:12.397716 #2736]  INFO -- : 0:  sass-globbing (1.1.0) from /Library/Ruby/Gems/2.0.0/specifications/sass-globbing-1.1.0.gemspec
I, [2014-01-24T10:56:12.398021 #2736]  INFO -- : 0:  sassy-strings (1.0.0) from /Library/Ruby/Gems/2.0.0/specifications/sassy-strings-1.0.0.gemspec
I, [2014-01-24T10:56:12.398272 #2736]  INFO -- : 0:  singularitygs (1.1.2) from /Library/Ruby/Gems/2.0.0/specifications/singularitygs-1.1.2.gemspec
I, [2014-01-24T10:56:12.398614 #2736]  INFO -- : 0:  singularity-extras (0.0.3) from /Library/Ruby/Gems/2.0.0/specifications/singularity-extras-0.0.3.gemspec
I, [2014-01-24T10:56:12.398870 #2736]  INFO -- : 0:  toolkit (1.3.8) from /Library/Ruby/Gems/2.0.0/specifications/toolkit-1.3.8.gemspec
I, [2014-01-24T10:56:12.399115 #2736]  INFO -- : 0:  bundler (1.5.1) from /Library/Ruby/Gems/2.0.0/specifications/bundler-1.5.1.gemspec
